<html>
<head>
<title>TestNG:  Chrome</title>
<link href="../testng.css" rel="stylesheet" type="text/css" />
<link href="../my-testng.css" rel="stylesheet" type="text/css" />

<style type="text/css">
.log { display: none;} 
.stack-trace { display: none;} 
</style>
<script type="text/javascript">
<!--
function flip(e) {
  current = e.style.display;
  if (current == 'block') {
    e.style.display = 'none';
    return 0;
  }
  else {
    e.style.display = 'block';
    return 1;
  }
}

function toggleBox(szDivId, elem, msg1, msg2)
{
  var res = -1;  if (document.getElementById) {
    res = flip(document.getElementById(szDivId));
  }
  else if (document.all) {
    // this is the way old msie versions work
    res = flip(document.all[szDivId]);
  }
  if(elem) {
    if(res == 0) elem.innerHTML = msg1; else elem.innerHTML = msg2;
  }

}

function toggleAllBoxes() {
  if (document.getElementsByTagName) {
    d = document.getElementsByTagName('div');
    for (i = 0; i < d.length; i++) {
      if (d[i].className == 'log') {
        flip(d[i]);
      }
    }
  }
}

// -->
</script>

</head>
<body>
<h2 align='center'>Chrome</h2><table border='1' align="center">
<tr>
<td>Tests passed/Failed/Skipped:</td><td>0/2/0</td>
</tr><tr>
<td>Started on:</td><td>Wed Jul 17 12:22:33 IST 2019</td>
</tr>
<tr><td>Total time:</td><td>173 seconds (173695 ms)</td>
</tr><tr>
<td>Included groups:</td><td></td>
</tr><tr>
<td>Excluded groups:</td><td></td>
</tr>
</table><p/>
<small><i>(Hover the method name to see the test class name)</i></small><p/>
<table width='100%' border='1' class='invocation-failed'>
<tr><td colspan='4' align='center'><b>FAILED TESTS</b></td></tr>
<tr><td><b>Test method</b></td>
<td width="30%"><b>Exception</b></td>
<td width="10%"><b>Time (seconds)</b></td>
<td><b>Instance</b></td>
</tr>
<tr>
<td title='org.iomedia.galen.tests.ProdSanity.compareScreenshotafterDeployment()'><b>compareScreenshotafterDeployment</b><br>Test class: org.iomedia.galen.tests.ProdSanity<br/>
<a href="#Output-1405313360" onClick='toggleBox("Output-1405313360", this, "Show output", "Hide output");'>Show output</a>

<a href="#Output-1405313360" onClick="toggleAllBoxes();">Show all outputs</a>
<div class='log' id="Output-1405313360">
<div "result">User is on &#x2F; Page (FAILED : 80s)</div><br/>
<div "result">Get client directory (SKIPPED)</div><br/>
<div "result">User take second screenshot of homepage Page at %{GD_FILEPATH} (SKIPPED)</div><br/>
<div "result">Compare the screenshot at %{GD_FILEPATH} for Homepage (SKIPPED)</div><br/>
<div "result">User take second screenshot of Claim Page at %{GD_FILEPATH} (SKIPPED)</div><br/>
<div "result">Compare the screenshot at %{GD_FILEPATH} for Claim (SKIPPED)</div><br/>
<div "result">User take second screenshot of Interstitial Page at %{GD_FILEPATH} (SKIPPED)</div><br/>
<div "result">Compare the screenshot at %{GD_FILEPATH} for Interstitial (SKIPPED)</div><br/>
<div "result">User take second screenshot of Dashboard Page at %{GD_FILEPATH} using %{GD_EMAIL_ADDRESS} and %{GD_PASSWORD} (SKIPPED)</div><br/>
<div "result">Compare the screenshot at %{GD_FILEPATH} for Dashboard (SKIPPED)</div><br/>
</div>
</td>
<td><div><pre>org.openqa.selenium.TimeoutException: Expected condition failed: waiting for presence of element located by: By.xpath: .//input[@name=&apos;email&apos;] | .//div[@class=&apos;mobile-signin&apos;]//*[text()=&apos;Sign In&apos;] | .//div[@class=&apos;desktop-signin-dashboard&apos;]//a[text()=&apos;Sign In&apos;] (tried for 20 second(s) with 500 MILLISECONDS interval)
	at org.openqa.selenium.support.ui.WebDriverWait.timeoutException(WebDriverWait.java:82)
	at org.openqa.selenium.support.ui.FluentWait.until(FluentWait.java:231)
	at org.iomedia.common.BaseUtil.getElementWhenPresent(BaseUtil.java:3000)
	at org.iomedia.galen.pages.Homepage.get(Homepage.java:684)
	at org.iomedia.galen.steps.HomepageSteps.user_is_on_Page(HomepageSteps.java:64)
	at ✽.User is on / Page(features/userJourneys.feature:4)
Caused by: org.openqa.selenium.NoSuchElementException: Cannot locate an element using By.xpath: .//input[@name=&apos;email&apos;] | .//div[@class=&apos;mobile-signin&apos;]//*[text()=&apos;Sign In&apos;] | .//div[@class=&apos;desktop-signin-dashboard&apos;]//a[text()=&apos;Sign In&apos;]
For documentation on this error, please visit: http://seleniumhq.org/exceptions/no_such_element.html
Build info: version: &apos;3.14.0&apos;, revision: &apos;aacccce0&apos;, time: &apos;2018-08-02T20:19:58.91Z&apos;
System info: host: &apos;IOM-Backup.local&apos;, ip: &apos;fe80:0:0:0:1485:f552:8bbc:1a1b%en0&apos;, os.name: &apos;Mac OS X&apos;, os.arch: &apos;x86_64&apos;, os.version: &apos;10.13.6&apos;, java.version: &apos;1.8.0_111&apos;
Driver info: driver.version: Driver
	at org.openqa.selenium.support.ui.ExpectedConditions.lambda$findElement$0(ExpectedConditions.java:882)
	at java.util.Optional.orElseThrow(Optional.java:290)
	at org.openqa.selenium.support.ui.ExpectedConditions.findElement(ExpectedConditions.java:881)
	at org.openqa.selenium.support.ui.ExpectedConditions.access$000(ExpectedConditions.java:43)
	at org.openqa.selenium.support.ui.ExpectedConditions$6.apply(ExpectedConditions.java:182)
	at org.openqa.selenium.support.ui.ExpectedConditions$6.apply(ExpectedConditions.java:179)
	at org.openqa.selenium.support.ui.FluentWait.until(FluentWait.java:208)
	at org.iomedia.common.BaseUtil.getElementWhenPresent(BaseUtil.java:3000)
	at org.iomedia.galen.pages.Homepage.get(Homepage.java:684)
	at org.iomedia.galen.steps.HomepageSteps.user_is_on_Page(HomepageSteps.java:64)
	at cucumber.runtime.Utils$1.call(Utils.java:40)
	at cucumber.runtime.Timeout.timeout(Timeout.java:16)
	at cucumber.runtime.Utils.invoke(Utils.java:34)
	at cucumber.runtime.java.JavaStepDefinition.execute(JavaStepDefinition.java:37)
	at cucumber.runtime.StepDefinitionMatch.runStep(StepDefinitionMatch.java:40)
	at cucumber.api.TestStep.executeStep(TestStep.java:102)
	at cucumber.api.TestStep.run(TestStep.java:83)
	at cucumber.api.TestCase.run(TestCase.java:58)
	at cucumber.runner.Runner.runPickle(Runner.java:80)
	at cucumber.api.testng.TestNGCucumberRunner.runScenario(TestNGCucumberRunner.java:84)
	at org.iomedia.framework.Driver.runScenario(Driver.java:2056)
	at org.iomedia.galen.tests.ProdSanity.compareScreenshotafterDeployment(ProdSanity.java:40)
	at java.util.concurrent.ThreadPoolExecutor.runWorker(ThreadPoolExecutor.java:1142)
	at java.util.concurrent.ThreadPoolExecutor$Worker.run(ThreadPoolExecutor.java:617)
	at java.lang.Thread.run(Thread.java:745)
... Removed 14 stack frames</pre></div><a href='#' onClick='toggleBox("stack-trace1405313360", this, "Click to show all stack frames", "Click to hide stack frames")'>Click to show all stack frames</a>
<div class='stack-trace' id='stack-trace1405313360'><pre>org.openqa.selenium.TimeoutException: Expected condition failed: waiting for presence of element located by: By.xpath: .//input[@name=&apos;email&apos;] | .//div[@class=&apos;mobile-signin&apos;]//*[text()=&apos;Sign In&apos;] | .//div[@class=&apos;desktop-signin-dashboard&apos;]//a[text()=&apos;Sign In&apos;] (tried for 20 second(s) with 500 MILLISECONDS interval)
	at org.openqa.selenium.support.ui.WebDriverWait.timeoutException(WebDriverWait.java:82)
	at org.openqa.selenium.support.ui.FluentWait.until(FluentWait.java:231)
	at org.iomedia.common.BaseUtil.getElementWhenPresent(BaseUtil.java:3000)
	at org.iomedia.galen.pages.Homepage.get(Homepage.java:684)
	at org.iomedia.galen.steps.HomepageSteps.user_is_on_Page(HomepageSteps.java:64)
	at ✽.User is on / Page(features/userJourneys.feature:4)
Caused by: org.openqa.selenium.NoSuchElementException: Cannot locate an element using By.xpath: .//input[@name=&apos;email&apos;] | .//div[@class=&apos;mobile-signin&apos;]//*[text()=&apos;Sign In&apos;] | .//div[@class=&apos;desktop-signin-dashboard&apos;]//a[text()=&apos;Sign In&apos;]
For documentation on this error, please visit: http://seleniumhq.org/exceptions/no_such_element.html
Build info: version: &apos;3.14.0&apos;, revision: &apos;aacccce0&apos;, time: &apos;2018-08-02T20:19:58.91Z&apos;
System info: host: &apos;IOM-Backup.local&apos;, ip: &apos;fe80:0:0:0:1485:f552:8bbc:1a1b%en0&apos;, os.name: &apos;Mac OS X&apos;, os.arch: &apos;x86_64&apos;, os.version: &apos;10.13.6&apos;, java.version: &apos;1.8.0_111&apos;
Driver info: driver.version: Driver
	at org.openqa.selenium.support.ui.ExpectedConditions.lambda$findElement$0(ExpectedConditions.java:882)
	at java.util.Optional.orElseThrow(Optional.java:290)
	at org.openqa.selenium.support.ui.ExpectedConditions.findElement(ExpectedConditions.java:881)
	at org.openqa.selenium.support.ui.ExpectedConditions.access$000(ExpectedConditions.java:43)
	at org.openqa.selenium.support.ui.ExpectedConditions$6.apply(ExpectedConditions.java:182)
	at org.openqa.selenium.support.ui.ExpectedConditions$6.apply(ExpectedConditions.java:179)
	at org.openqa.selenium.support.ui.FluentWait.until(FluentWait.java:208)
	at org.iomedia.common.BaseUtil.getElementWhenPresent(BaseUtil.java:3000)
	at org.iomedia.galen.pages.Homepage.get(Homepage.java:684)
	at org.iomedia.galen.steps.HomepageSteps.user_is_on_Page(HomepageSteps.java:64)
	at sun.reflect.NativeMethodAccessorImpl.invoke0(Native Method)
	at sun.reflect.NativeMethodAccessorImpl.invoke(NativeMethodAccessorImpl.java:62)
	at sun.reflect.DelegatingMethodAccessorImpl.invoke(DelegatingMethodAccessorImpl.java:43)
	at java.lang.reflect.Method.invoke(Method.java:498)
	at cucumber.runtime.Utils$1.call(Utils.java:40)
	at cucumber.runtime.Timeout.timeout(Timeout.java:16)
	at cucumber.runtime.Utils.invoke(Utils.java:34)
	at cucumber.runtime.java.JavaStepDefinition.execute(JavaStepDefinition.java:37)
	at cucumber.runtime.StepDefinitionMatch.runStep(StepDefinitionMatch.java:40)
	at cucumber.api.TestStep.executeStep(TestStep.java:102)
	at cucumber.api.TestStep.run(TestStep.java:83)
	at cucumber.api.TestCase.run(TestCase.java:58)
	at cucumber.runner.Runner.runPickle(Runner.java:80)
	at cucumber.api.testng.TestNGCucumberRunner.runScenario(TestNGCucumberRunner.java:84)
	at org.iomedia.framework.Driver.runScenario(Driver.java:2056)
	at org.iomedia.galen.tests.ProdSanity.compareScreenshotafterDeployment(ProdSanity.java:40)
	at sun.reflect.NativeMethodAccessorImpl.invoke0(Native Method)
	at sun.reflect.NativeMethodAccessorImpl.invoke(NativeMethodAccessorImpl.java:62)
	at sun.reflect.DelegatingMethodAccessorImpl.invoke(DelegatingMethodAccessorImpl.java:43)
	at java.lang.reflect.Method.invoke(Method.java:498)
	at org.testng.internal.MethodInvocationHelper.invokeMethod(MethodInvocationHelper.java:85)
	at org.testng.internal.Invoker.invokeMethod(Invoker.java:696)
	at org.testng.internal.Invoker.invokeTestMethod(Invoker.java:882)
	at org.testng.internal.Invoker.invokeTestMethods(Invoker.java:1189)
	at org.testng.internal.TestMethodWorker.invokeTestMethods(TestMethodWorker.java:124)
	at org.testng.internal.TestMethodWorker.run(TestMethodWorker.java:108)
	at java.util.concurrent.ThreadPoolExecutor.runWorker(ThreadPoolExecutor.java:1142)
	at java.util.concurrent.ThreadPoolExecutor$Worker.run(ThreadPoolExecutor.java:617)
	at java.lang.Thread.run(Thread.java:745)
</pre></div></td>
<td>81</td>
<td>org.iomedia.galen.tests.ProdSanity@46271dd6</td></tr>
<tr>
<td title='org.iomedia.galen.tests.ProdSanity.prodSanityVerification()'><b>prodSanityVerification</b><br>Test class: org.iomedia.galen.tests.ProdSanity<br/>
<a href="#Output-1335801727" onClick='toggleBox("Output-1335801727", this, "Show output", "Hide output");'>Show output</a>

<a href="#Output-1335801727" onClick="toggleAllBoxes();">Show all outputs</a>
<div class='log' id="Output-1335801727">
<div "result">User is on &#x2F; Page (FAILED : 79s)</div><br/>
<div "result">User navigates to &#x2F;user&#x2F;login for CMS Login (SKIPPED)</div><br/>
<div "result">User is on &#x2F; Page (SKIPPED)</div><br/>
<div "result">User enters %{GD_ProdEmailAddress} and %{GD_ProdPassword} (SKIPPED)</div><br/>
<div "result">User logged in successfully (SKIPPED)</div><br/>
<div "result">Customer details are fetched for %{GD_ProdEmailAddress} and %{GD_ProdPassword} (SKIPPED)</div><br/>
<div "result">Verify all tickets section using %{GD_ProdEmailAddress} and %{GD_ProdPassword} (SKIPPED)</div><br/>
<div "result">User navigates to &#x2F;dashboard from NAM (SKIPPED)</div><br/>
<div "result">Verify invoice Listing page using %{GD_ProdEmailAddress} and %{GD_ProdPassword} (SKIPPED)</div><br/>
<div "result">User clicks your account (SKIPPED)</div><br/>
<div "result">Classic AMGR is displayed with correct %{GD_CustomerName} and %{GD_NickName} (SKIPPED)</div><br/>
<div "result">User logout from CAM (SKIPPED)</div><br/>
<div "result">User navigates to &#x2F;user&#x2F;logout from NAM (SKIPPED)</div><br/>
</div>
</td>
<td><div><pre>org.openqa.selenium.TimeoutException: Expected condition failed: waiting for presence of element located by: By.xpath: .//input[@name=&apos;email&apos;] | .//div[@class=&apos;mobile-signin&apos;]//*[text()=&apos;Sign In&apos;] | .//div[@class=&apos;desktop-signin-dashboard&apos;]//a[text()=&apos;Sign In&apos;] (tried for 20 second(s) with 500 MILLISECONDS interval)
	at org.openqa.selenium.support.ui.WebDriverWait.timeoutException(WebDriverWait.java:82)
	at org.openqa.selenium.support.ui.FluentWait.until(FluentWait.java:231)
	at org.iomedia.common.BaseUtil.getElementWhenPresent(BaseUtil.java:3000)
	at org.iomedia.galen.pages.Homepage.get(Homepage.java:684)
	at org.iomedia.galen.steps.HomepageSteps.user_is_on_Page(HomepageSteps.java:64)
	at ✽.User is on / Page(features/prodsanity.feature:3)
Caused by: org.openqa.selenium.NoSuchElementException: Cannot locate an element using By.xpath: .//input[@name=&apos;email&apos;] | .//div[@class=&apos;mobile-signin&apos;]//*[text()=&apos;Sign In&apos;] | .//div[@class=&apos;desktop-signin-dashboard&apos;]//a[text()=&apos;Sign In&apos;]
For documentation on this error, please visit: http://seleniumhq.org/exceptions/no_such_element.html
Build info: version: &apos;3.14.0&apos;, revision: &apos;aacccce0&apos;, time: &apos;2018-08-02T20:19:58.91Z&apos;
System info: host: &apos;IOM-Backup.local&apos;, ip: &apos;fe80:0:0:0:1485:f552:8bbc:1a1b%en0&apos;, os.name: &apos;Mac OS X&apos;, os.arch: &apos;x86_64&apos;, os.version: &apos;10.13.6&apos;, java.version: &apos;1.8.0_111&apos;
Driver info: driver.version: Driver
	at org.openqa.selenium.support.ui.ExpectedConditions.lambda$findElement$0(ExpectedConditions.java:882)
	at java.util.Optional.orElseThrow(Optional.java:290)
	at org.openqa.selenium.support.ui.ExpectedConditions.findElement(ExpectedConditions.java:881)
	at org.openqa.selenium.support.ui.ExpectedConditions.access$000(ExpectedConditions.java:43)
	at org.openqa.selenium.support.ui.ExpectedConditions$6.apply(ExpectedConditions.java:182)
	at org.openqa.selenium.support.ui.ExpectedConditions$6.apply(ExpectedConditions.java:179)
	at org.openqa.selenium.support.ui.FluentWait.until(FluentWait.java:208)
	at org.iomedia.common.BaseUtil.getElementWhenPresent(BaseUtil.java:3000)
	at org.iomedia.galen.pages.Homepage.get(Homepage.java:684)
	at org.iomedia.galen.steps.HomepageSteps.user_is_on_Page(HomepageSteps.java:64)
	at cucumber.runtime.Utils$1.call(Utils.java:40)
	at cucumber.runtime.Timeout.timeout(Timeout.java:16)
	at cucumber.runtime.Utils.invoke(Utils.java:34)
	at cucumber.runtime.java.JavaStepDefinition.execute(JavaStepDefinition.java:37)
	at cucumber.runtime.StepDefinitionMatch.runStep(StepDefinitionMatch.java:40)
	at cucumber.api.TestStep.executeStep(TestStep.java:102)
	at cucumber.api.TestStep.run(TestStep.java:83)
	at cucumber.api.TestCase.run(TestCase.java:58)
	at cucumber.runner.Runner.runPickle(Runner.java:80)
	at cucumber.api.testng.TestNGCucumberRunner.runScenario(TestNGCucumberRunner.java:84)
	at org.iomedia.framework.Driver.runScenario(Driver.java:2056)
	at org.iomedia.galen.tests.ProdSanity.prodSanityVerification(ProdSanity.java:20)
	at java.util.concurrent.ThreadPoolExecutor.runWorker(ThreadPoolExecutor.java:1142)
	at java.util.concurrent.ThreadPoolExecutor$Worker.run(ThreadPoolExecutor.java:617)
	at java.lang.Thread.run(Thread.java:745)
... Removed 14 stack frames</pre></div><a href='#' onClick='toggleBox("stack-trace1335801727", this, "Click to show all stack frames", "Click to hide stack frames")'>Click to show all stack frames</a>
<div class='stack-trace' id='stack-trace1335801727'><pre>org.openqa.selenium.TimeoutException: Expected condition failed: waiting for presence of element located by: By.xpath: .//input[@name=&apos;email&apos;] | .//div[@class=&apos;mobile-signin&apos;]//*[text()=&apos;Sign In&apos;] | .//div[@class=&apos;desktop-signin-dashboard&apos;]//a[text()=&apos;Sign In&apos;] (tried for 20 second(s) with 500 MILLISECONDS interval)
	at org.openqa.selenium.support.ui.WebDriverWait.timeoutException(WebDriverWait.java:82)
	at org.openqa.selenium.support.ui.FluentWait.until(FluentWait.java:231)
	at org.iomedia.common.BaseUtil.getElementWhenPresent(BaseUtil.java:3000)
	at org.iomedia.galen.pages.Homepage.get(Homepage.java:684)
	at org.iomedia.galen.steps.HomepageSteps.user_is_on_Page(HomepageSteps.java:64)
	at ✽.User is on / Page(features/prodsanity.feature:3)
Caused by: org.openqa.selenium.NoSuchElementException: Cannot locate an element using By.xpath: .//input[@name=&apos;email&apos;] | .//div[@class=&apos;mobile-signin&apos;]//*[text()=&apos;Sign In&apos;] | .//div[@class=&apos;desktop-signin-dashboard&apos;]//a[text()=&apos;Sign In&apos;]
For documentation on this error, please visit: http://seleniumhq.org/exceptions/no_such_element.html
Build info: version: &apos;3.14.0&apos;, revision: &apos;aacccce0&apos;, time: &apos;2018-08-02T20:19:58.91Z&apos;
System info: host: &apos;IOM-Backup.local&apos;, ip: &apos;fe80:0:0:0:1485:f552:8bbc:1a1b%en0&apos;, os.name: &apos;Mac OS X&apos;, os.arch: &apos;x86_64&apos;, os.version: &apos;10.13.6&apos;, java.version: &apos;1.8.0_111&apos;
Driver info: driver.version: Driver
	at org.openqa.selenium.support.ui.ExpectedConditions.lambda$findElement$0(ExpectedConditions.java:882)
	at java.util.Optional.orElseThrow(Optional.java:290)
	at org.openqa.selenium.support.ui.ExpectedConditions.findElement(ExpectedConditions.java:881)
	at org.openqa.selenium.support.ui.ExpectedConditions.access$000(ExpectedConditions.java:43)
	at org.openqa.selenium.support.ui.ExpectedConditions$6.apply(ExpectedConditions.java:182)
	at org.openqa.selenium.support.ui.ExpectedConditions$6.apply(ExpectedConditions.java:179)
	at org.openqa.selenium.support.ui.FluentWait.until(FluentWait.java:208)
	at org.iomedia.common.BaseUtil.getElementWhenPresent(BaseUtil.java:3000)
	at org.iomedia.galen.pages.Homepage.get(Homepage.java:684)
	at org.iomedia.galen.steps.HomepageSteps.user_is_on_Page(HomepageSteps.java:64)
	at sun.reflect.NativeMethodAccessorImpl.invoke0(Native Method)
	at sun.reflect.NativeMethodAccessorImpl.invoke(NativeMethodAccessorImpl.java:62)
	at sun.reflect.DelegatingMethodAccessorImpl.invoke(DelegatingMethodAccessorImpl.java:43)
	at java.lang.reflect.Method.invoke(Method.java:498)
	at cucumber.runtime.Utils$1.call(Utils.java:40)
	at cucumber.runtime.Timeout.timeout(Timeout.java:16)
	at cucumber.runtime.Utils.invoke(Utils.java:34)
	at cucumber.runtime.java.JavaStepDefinition.execute(JavaStepDefinition.java:37)
	at cucumber.runtime.StepDefinitionMatch.runStep(StepDefinitionMatch.java:40)
	at cucumber.api.TestStep.executeStep(TestStep.java:102)
	at cucumber.api.TestStep.run(TestStep.java:83)
	at cucumber.api.TestCase.run(TestCase.java:58)
	at cucumber.runner.Runner.runPickle(Runner.java:80)
	at cucumber.api.testng.TestNGCucumberRunner.runScenario(TestNGCucumberRunner.java:84)
	at org.iomedia.framework.Driver.runScenario(Driver.java:2056)
	at org.iomedia.galen.tests.ProdSanity.prodSanityVerification(ProdSanity.java:20)
	at sun.reflect.NativeMethodAccessorImpl.invoke0(Native Method)
	at sun.reflect.NativeMethodAccessorImpl.invoke(NativeMethodAccessorImpl.java:62)
	at sun.reflect.DelegatingMethodAccessorImpl.invoke(DelegatingMethodAccessorImpl.java:43)
	at java.lang.reflect.Method.invoke(Method.java:498)
	at org.testng.internal.MethodInvocationHelper.invokeMethod(MethodInvocationHelper.java:85)
	at org.testng.internal.Invoker.invokeMethod(Invoker.java:696)
	at org.testng.internal.Invoker.invokeTestMethod(Invoker.java:882)
	at org.testng.internal.Invoker.invokeTestMethods(Invoker.java:1189)
	at org.testng.internal.TestMethodWorker.invokeTestMethods(TestMethodWorker.java:124)
	at org.testng.internal.TestMethodWorker.run(TestMethodWorker.java:108)
	at java.util.concurrent.ThreadPoolExecutor.runWorker(ThreadPoolExecutor.java:1142)
	at java.util.concurrent.ThreadPoolExecutor$Worker.run(ThreadPoolExecutor.java:617)
	at java.lang.Thread.run(Thread.java:745)
</pre></div></td>
<td>81</td>
<td>org.iomedia.galen.tests.ProdSanity@46271dd6</td></tr>
</table><p>
</body>
</html>