<?xml version="1.0" encoding="UTF-8"?>
<!-- Generated by org.testng.reporters.JUnitXMLReporter -->
<testsuite hostname="IOM-Backup.local" name="Chrome" tests="2" failures="2" timestamp="17 Jul 2019 06:55:27 GMT" time="173.695" errors="0">
  <testcase name="compareScreenshotafterDeployment" time="81.957" classname="org.iomedia.galen.tests.ProdSanity">
    <failure type="org.openqa.selenium.TimeoutException" message="Expected condition failed: waiting for presence of element located by: By.xpath: .//input[@name=&amp;apos;email&amp;apos;] | .//div[@class=&amp;apos;mobile-signin&amp;apos;]//*[text()=&amp;apos;Sign In&amp;apos;] | .//div[@class=&amp;apos;desktop-signin-dashboard&amp;apos;]//a[text()=&amp;apos;Sign In&amp;apos;] (tried for 20 second(s) with 500 MILLISECONDS interval)">
      <![CDATA[org.openqa.selenium.TimeoutException: Expected condition failed: waiting for presence of element located by: By.xpath: .//input[@name='email'] | .//div[@class='mobile-signin']//*[text()='Sign In'] | .//div[@class='desktop-signin-dashboard']//a[text()='Sign In'] (tried for 20 second(s) with 500 MILLISECONDS interval)
	at org.openqa.selenium.support.ui.WebDriverWait.timeoutException(WebDriverWait.java:82)
	at org.openqa.selenium.support.ui.FluentWait.until(FluentWait.java:231)
	at org.iomedia.common.BaseUtil.getElementWhenPresent(BaseUtil.java:3000)
	at org.iomedia.galen.pages.Homepage.get(Homepage.java:684)
	at org.iomedia.galen.steps.HomepageSteps.user_is_on_Page(HomepageSteps.java:64)
	at ✽.User is on / Page(features/userJourneys.feature:4)
Caused by: org.openqa.selenium.NoSuchElementException: Cannot locate an element using By.xpath: .//input[@name='email'] | .//div[@class='mobile-signin']//*[text()='Sign In'] | .//div[@class='desktop-signin-dashboard']//a[text()='Sign In']
For documentation on this error, please visit: http://seleniumhq.org/exceptions/no_such_element.html
Build info: version: '3.14.0', revision: 'aacccce0', time: '2018-08-02T20:19:58.91Z'
System info: host: 'IOM-Backup.local', ip: 'fe80:0:0:0:1485:f552:8bbc:1a1b%en0', os.name: 'Mac OS X', os.arch: 'x86_64', os.version: '10.13.6', java.version: '1.8.0_111'
Driver info: driver.version: Driver
	at org.openqa.selenium.support.ui.ExpectedConditions.lambda$findElement$0(ExpectedConditions.java:882)
	at java.util.Optional.orElseThrow(Optional.java:290)
	at org.openqa.selenium.support.ui.ExpectedConditions.findElement(ExpectedConditions.java:881)
	at org.openqa.selenium.support.ui.ExpectedConditions.access$000(ExpectedConditions.java:43)
	at org.openqa.selenium.support.ui.ExpectedConditions$6.apply(ExpectedConditions.java:182)
	at org.openqa.selenium.support.ui.ExpectedConditions$6.apply(ExpectedConditions.java:179)
	at org.openqa.selenium.support.ui.FluentWait.until(FluentWait.java:208)
	at org.iomedia.common.BaseUtil.getElementWhenPresent(BaseUtil.java:3000)
	at org.iomedia.galen.pages.Homepage.get(Homepage.java:684)
	at org.iomedia.galen.steps.HomepageSteps.user_is_on_Page(HomepageSteps.java:64)
	at cucumber.runtime.Utils$1.call(Utils.java:40)
	at cucumber.runtime.Timeout.timeout(Timeout.java:16)
	at cucumber.runtime.Utils.invoke(Utils.java:34)
	at cucumber.runtime.java.JavaStepDefinition.execute(JavaStepDefinition.java:37)
	at cucumber.runtime.StepDefinitionMatch.runStep(StepDefinitionMatch.java:40)
	at cucumber.api.TestStep.executeStep(TestStep.java:102)
	at cucumber.api.TestStep.run(TestStep.java:83)
	at cucumber.api.TestCase.run(TestCase.java:58)
	at cucumber.runner.Runner.runPickle(Runner.java:80)
	at cucumber.api.testng.TestNGCucumberRunner.runScenario(TestNGCucumberRunner.java:84)
	at org.iomedia.framework.Driver.runScenario(Driver.java:2056)
	at org.iomedia.galen.tests.ProdSanity.compareScreenshotafterDeployment(ProdSanity.java:40)
	at java.util.concurrent.ThreadPoolExecutor.runWorker(ThreadPoolExecutor.java:1142)
	at java.util.concurrent.ThreadPoolExecutor$Worker.run(ThreadPoolExecutor.java:617)
	at java.lang.Thread.run(Thread.java:745)
... Removed 14 stack frames]]>
    </failure>
  </testcase> <!-- compareScreenshotafterDeployment -->
  <testcase name="prodSanityVerification" time="81.035" classname="org.iomedia.galen.tests.ProdSanity">
    <failure type="org.openqa.selenium.TimeoutException" message="Expected condition failed: waiting for presence of element located by: By.xpath: .//input[@name=&amp;apos;email&amp;apos;] | .//div[@class=&amp;apos;mobile-signin&amp;apos;]//*[text()=&amp;apos;Sign In&amp;apos;] | .//div[@class=&amp;apos;desktop-signin-dashboard&amp;apos;]//a[text()=&amp;apos;Sign In&amp;apos;] (tried for 20 second(s) with 500 MILLISECONDS interval)">
      <![CDATA[org.openqa.selenium.TimeoutException: Expected condition failed: waiting for presence of element located by: By.xpath: .//input[@name='email'] | .//div[@class='mobile-signin']//*[text()='Sign In'] | .//div[@class='desktop-signin-dashboard']//a[text()='Sign In'] (tried for 20 second(s) with 500 MILLISECONDS interval)
	at org.openqa.selenium.support.ui.WebDriverWait.timeoutException(WebDriverWait.java:82)
	at org.openqa.selenium.support.ui.FluentWait.until(FluentWait.java:231)
	at org.iomedia.common.BaseUtil.getElementWhenPresent(BaseUtil.java:3000)
	at org.iomedia.galen.pages.Homepage.get(Homepage.java:684)
	at org.iomedia.galen.steps.HomepageSteps.user_is_on_Page(HomepageSteps.java:64)
	at ✽.User is on / Page(features/prodsanity.feature:3)
Caused by: org.openqa.selenium.NoSuchElementException: Cannot locate an element using By.xpath: .//input[@name='email'] | .//div[@class='mobile-signin']//*[text()='Sign In'] | .//div[@class='desktop-signin-dashboard']//a[text()='Sign In']
For documentation on this error, please visit: http://seleniumhq.org/exceptions/no_such_element.html
Build info: version: '3.14.0', revision: 'aacccce0', time: '2018-08-02T20:19:58.91Z'
System info: host: 'IOM-Backup.local', ip: 'fe80:0:0:0:1485:f552:8bbc:1a1b%en0', os.name: 'Mac OS X', os.arch: 'x86_64', os.version: '10.13.6', java.version: '1.8.0_111'
Driver info: driver.version: Driver
	at org.openqa.selenium.support.ui.ExpectedConditions.lambda$findElement$0(ExpectedConditions.java:882)
	at java.util.Optional.orElseThrow(Optional.java:290)
	at org.openqa.selenium.support.ui.ExpectedConditions.findElement(ExpectedConditions.java:881)
	at org.openqa.selenium.support.ui.ExpectedConditions.access$000(ExpectedConditions.java:43)
	at org.openqa.selenium.support.ui.ExpectedConditions$6.apply(ExpectedConditions.java:182)
	at org.openqa.selenium.support.ui.ExpectedConditions$6.apply(ExpectedConditions.java:179)
	at org.openqa.selenium.support.ui.FluentWait.until(FluentWait.java:208)
	at org.iomedia.common.BaseUtil.getElementWhenPresent(BaseUtil.java:3000)
	at org.iomedia.galen.pages.Homepage.get(Homepage.java:684)
	at org.iomedia.galen.steps.HomepageSteps.user_is_on_Page(HomepageSteps.java:64)
	at cucumber.runtime.Utils$1.call(Utils.java:40)
	at cucumber.runtime.Timeout.timeout(Timeout.java:16)
	at cucumber.runtime.Utils.invoke(Utils.java:34)
	at cucumber.runtime.java.JavaStepDefinition.execute(JavaStepDefinition.java:37)
	at cucumber.runtime.StepDefinitionMatch.runStep(StepDefinitionMatch.java:40)
	at cucumber.api.TestStep.executeStep(TestStep.java:102)
	at cucumber.api.TestStep.run(TestStep.java:83)
	at cucumber.api.TestCase.run(TestCase.java:58)
	at cucumber.runner.Runner.runPickle(Runner.java:80)
	at cucumber.api.testng.TestNGCucumberRunner.runScenario(TestNGCucumberRunner.java:84)
	at org.iomedia.framework.Driver.runScenario(Driver.java:2056)
	at org.iomedia.galen.tests.ProdSanity.prodSanityVerification(ProdSanity.java:20)
	at java.util.concurrent.ThreadPoolExecutor.runWorker(ThreadPoolExecutor.java:1142)
	at java.util.concurrent.ThreadPoolExecutor$Worker.run(ThreadPoolExecutor.java:617)
	at java.lang.Thread.run(Thread.java:745)
... Removed 14 stack frames]]>
    </failure>
  </testcase> <!-- prodSanityVerification -->
</testsuite> <!-- Chrome -->
