<!DOCTYPE html PUBLIC "-//W3C//DTD XHTML 1.1//EN" "http://www.w3.org/TR/xhtml11/DTD/xhtml11.dtd">
<html xmlns="http://www.w3.org/1999/xhtml"><head><title>TestNG Report</title><style type="text/css">table {margin-bottom:10px;border-collapse:collapse;empty-cells:show}th,td {border:1px solid #009;padding:.25em .5em}th {vertical-align:bottom}td {vertical-align:top}table a {font-weight:bold}.stripe td {background-color: #E6EBF9}.num {text-align:right}.passedodd td {background-color: #3F3}.passedeven td {background-color: #0A0}.skippedodd td {background-color: #DDD}.skippedeven td {background-color: #CCC}.failedodd td,.attn {background-color: #F33}.failedeven td,.stripe .attn {background-color: #D00}.stacktrace {white-space:pre;font-family:monospace}.totop {font-size:85%;text-align:center;border-bottom:2px solid #000}</style></head><body><table><tr><th>Test</th><th># Passed</th><th># Skipped</th><th># Failed</th><th>Time (ms)</th><th>Included Groups</th><th>Excluded Groups</th></tr><tr><th colspan="7">UNITAS_PROD_SANITY</th></tr><tr><td><a href="#t0">Chrome</a></td><td class="num">0</td><td class="num">0</td><td class="num attn">2</td><td class="num">173,695</td><td></td><td></td></tr><tr><th colspan="7">UNITAS</th></tr></table><table><thead><tr><th>Class</th><th>Method</th><th>Start</th><th>Time (ms)</th></tr></thead><tbody><tr><th colspan="4">UNITAS_PROD_SANITY</th></tr></tbody><tbody id="t0"><tr><th colspan="4">Chrome &#8212; failed</th></tr><tr class="failedeven"><td rowspan="2">org.iomedia.galen.tests.ProdSanity</td><td><a href="#m0">compareScreenshotafterDeployment</a></td><td rowspan="1">1563346361164</td><td rowspan="1">81957</td></tr><tr class="failedeven"><td><a href="#m1">prodSanityVerification</a></td><td rowspan="1">1563346445408</td><td rowspan="1">81035</td></tr></tbody><tbody><tr><th colspan="4">UNITAS</th></tr></tbody></table><h2>Chrome</h2><h3 id="m0">org.iomedia.galen.tests.ProdSanity#compareScreenshotafterDeployment</h3><table class="result"><tr><th>Messages</th></tr><tr><td><div class="messages">&lt;div &quot;result&quot;&gt;User is on &amp;#x2F; Page (FAILED : 80s)&lt;/div&gt;<br/>&lt;div &quot;result&quot;&gt;Get client directory (SKIPPED)&lt;/div&gt;<br/>&lt;div &quot;result&quot;&gt;User take second screenshot of homepage Page at %{GD_FILEPATH} (SKIPPED)&lt;/div&gt;<br/>&lt;div &quot;result&quot;&gt;Compare the screenshot at %{GD_FILEPATH} for Homepage (SKIPPED)&lt;/div&gt;<br/>&lt;div &quot;result&quot;&gt;User take second screenshot of Claim Page at %{GD_FILEPATH} (SKIPPED)&lt;/div&gt;<br/>&lt;div &quot;result&quot;&gt;Compare the screenshot at %{GD_FILEPATH} for Claim (SKIPPED)&lt;/div&gt;<br/>&lt;div &quot;result&quot;&gt;User take second screenshot of Interstitial Page at %{GD_FILEPATH} (SKIPPED)&lt;/div&gt;<br/>&lt;div &quot;result&quot;&gt;Compare the screenshot at %{GD_FILEPATH} for Interstitial (SKIPPED)&lt;/div&gt;<br/>&lt;div &quot;result&quot;&gt;User take second screenshot of Dashboard Page at %{GD_FILEPATH} using %{GD_EMAIL_ADDRESS} and %{GD_PASSWORD} (SKIPPED)&lt;/div&gt;<br/>&lt;div &quot;result&quot;&gt;Compare the screenshot at %{GD_FILEPATH} for Dashboard (SKIPPED)&lt;/div&gt;</div></td></tr><tr><th>Exception</th></tr><tr><td><div class="stacktrace">org.openqa.selenium.TimeoutException: Expected condition failed: waiting for presence of element located by: By.xpath: .//input[@name=&apos;email&apos;] | .//div[@class=&apos;mobile-signin&apos;]//*[text()=&apos;Sign In&apos;] | .//div[@class=&apos;desktop-signin-dashboard&apos;]//a[text()=&apos;Sign In&apos;] (tried for 20 second(s) with 500 MILLISECONDS interval)
	at org.openqa.selenium.support.ui.WebDriverWait.timeoutException(WebDriverWait.java:82)
	at org.openqa.selenium.support.ui.FluentWait.until(FluentWait.java:231)
	at org.iomedia.common.BaseUtil.getElementWhenPresent(BaseUtil.java:3000)
	at org.iomedia.galen.pages.Homepage.get(Homepage.java:684)
	at org.iomedia.galen.steps.HomepageSteps.user_is_on_Page(HomepageSteps.java:64)
	at ✽.User is on / Page(features/userJourneys.feature:4)
Caused by: org.openqa.selenium.NoSuchElementException: Cannot locate an element using By.xpath: .//input[@name=&apos;email&apos;] | .//div[@class=&apos;mobile-signin&apos;]//*[text()=&apos;Sign In&apos;] | .//div[@class=&apos;desktop-signin-dashboard&apos;]//a[text()=&apos;Sign In&apos;]
For documentation on this error, please visit: http://seleniumhq.org/exceptions/no_such_element.html
Build info: version: &apos;3.14.0&apos;, revision: &apos;aacccce0&apos;, time: &apos;2018-08-02T20:19:58.91Z&apos;
System info: host: &apos;IOM-Backup.local&apos;, ip: &apos;fe80:0:0:0:1485:f552:8bbc:1a1b%en0&apos;, os.name: &apos;Mac OS X&apos;, os.arch: &apos;x86_64&apos;, os.version: &apos;10.13.6&apos;, java.version: &apos;1.8.0_111&apos;
Driver info: driver.version: Driver
	at org.openqa.selenium.support.ui.ExpectedConditions.lambda$findElement$0(ExpectedConditions.java:882)
	at java.util.Optional.orElseThrow(Optional.java:290)
	at org.openqa.selenium.support.ui.ExpectedConditions.findElement(ExpectedConditions.java:881)
	at org.openqa.selenium.support.ui.ExpectedConditions.access$000(ExpectedConditions.java:43)
	at org.openqa.selenium.support.ui.ExpectedConditions$6.apply(ExpectedConditions.java:182)
	at org.openqa.selenium.support.ui.ExpectedConditions$6.apply(ExpectedConditions.java:179)
	at org.openqa.selenium.support.ui.FluentWait.until(FluentWait.java:208)
	at org.iomedia.common.BaseUtil.getElementWhenPresent(BaseUtil.java:3000)
	at org.iomedia.galen.pages.Homepage.get(Homepage.java:684)
	at org.iomedia.galen.steps.HomepageSteps.user_is_on_Page(HomepageSteps.java:64)
	at cucumber.runtime.Utils$1.call(Utils.java:40)
	at cucumber.runtime.Timeout.timeout(Timeout.java:16)
	at cucumber.runtime.Utils.invoke(Utils.java:34)
	at cucumber.runtime.java.JavaStepDefinition.execute(JavaStepDefinition.java:37)
	at cucumber.runtime.StepDefinitionMatch.runStep(StepDefinitionMatch.java:40)
	at cucumber.api.TestStep.executeStep(TestStep.java:102)
	at cucumber.api.TestStep.run(TestStep.java:83)
	at cucumber.api.TestCase.run(TestCase.java:58)
	at cucumber.runner.Runner.runPickle(Runner.java:80)
	at cucumber.api.testng.TestNGCucumberRunner.runScenario(TestNGCucumberRunner.java:84)
	at org.iomedia.framework.Driver.runScenario(Driver.java:2056)
	at org.iomedia.galen.tests.ProdSanity.compareScreenshotafterDeployment(ProdSanity.java:40)
	at java.util.concurrent.ThreadPoolExecutor.runWorker(ThreadPoolExecutor.java:1142)
	at java.util.concurrent.ThreadPoolExecutor$Worker.run(ThreadPoolExecutor.java:617)
	at java.lang.Thread.run(Thread.java:745)
... Removed 14 stack frames</div></td></tr></table><p class="totop"><a href="#summary">back to summary</a></p><h3 id="m1">org.iomedia.galen.tests.ProdSanity#prodSanityVerification</h3><table class="result"><tr><th>Messages</th></tr><tr><td><div class="messages">&lt;div &quot;result&quot;&gt;User is on &amp;#x2F; Page (FAILED : 79s)&lt;/div&gt;<br/>&lt;div &quot;result&quot;&gt;User navigates to &amp;#x2F;user&amp;#x2F;login for CMS Login (SKIPPED)&lt;/div&gt;<br/>&lt;div &quot;result&quot;&gt;User is on &amp;#x2F; Page (SKIPPED)&lt;/div&gt;<br/>&lt;div &quot;result&quot;&gt;User enters %{GD_ProdEmailAddress} and %{GD_ProdPassword} (SKIPPED)&lt;/div&gt;<br/>&lt;div &quot;result&quot;&gt;User logged in successfully (SKIPPED)&lt;/div&gt;<br/>&lt;div &quot;result&quot;&gt;Customer details are fetched for %{GD_ProdEmailAddress} and %{GD_ProdPassword} (SKIPPED)&lt;/div&gt;<br/>&lt;div &quot;result&quot;&gt;Verify all tickets section using %{GD_ProdEmailAddress} and %{GD_ProdPassword} (SKIPPED)&lt;/div&gt;<br/>&lt;div &quot;result&quot;&gt;User navigates to &amp;#x2F;dashboard from NAM (SKIPPED)&lt;/div&gt;<br/>&lt;div &quot;result&quot;&gt;Verify invoice Listing page using %{GD_ProdEmailAddress} and %{GD_ProdPassword} (SKIPPED)&lt;/div&gt;<br/>&lt;div &quot;result&quot;&gt;User clicks your account (SKIPPED)&lt;/div&gt;<br/>&lt;div &quot;result&quot;&gt;Classic AMGR is displayed with correct %{GD_CustomerName} and %{GD_NickName} (SKIPPED)&lt;/div&gt;<br/>&lt;div &quot;result&quot;&gt;User logout from CAM (SKIPPED)&lt;/div&gt;<br/>&lt;div &quot;result&quot;&gt;User navigates to &amp;#x2F;user&amp;#x2F;logout from NAM (SKIPPED)&lt;/div&gt;</div></td></tr><tr><th>Exception</th></tr><tr><td><div class="stacktrace">org.openqa.selenium.TimeoutException: Expected condition failed: waiting for presence of element located by: By.xpath: .//input[@name=&apos;email&apos;] | .//div[@class=&apos;mobile-signin&apos;]//*[text()=&apos;Sign In&apos;] | .//div[@class=&apos;desktop-signin-dashboard&apos;]//a[text()=&apos;Sign In&apos;] (tried for 20 second(s) with 500 MILLISECONDS interval)
	at org.openqa.selenium.support.ui.WebDriverWait.timeoutException(WebDriverWait.java:82)
	at org.openqa.selenium.support.ui.FluentWait.until(FluentWait.java:231)
	at org.iomedia.common.BaseUtil.getElementWhenPresent(BaseUtil.java:3000)
	at org.iomedia.galen.pages.Homepage.get(Homepage.java:684)
	at org.iomedia.galen.steps.HomepageSteps.user_is_on_Page(HomepageSteps.java:64)
	at ✽.User is on / Page(features/prodsanity.feature:3)
Caused by: org.openqa.selenium.NoSuchElementException: Cannot locate an element using By.xpath: .//input[@name=&apos;email&apos;] | .//div[@class=&apos;mobile-signin&apos;]//*[text()=&apos;Sign In&apos;] | .//div[@class=&apos;desktop-signin-dashboard&apos;]//a[text()=&apos;Sign In&apos;]
For documentation on this error, please visit: http://seleniumhq.org/exceptions/no_such_element.html
Build info: version: &apos;3.14.0&apos;, revision: &apos;aacccce0&apos;, time: &apos;2018-08-02T20:19:58.91Z&apos;
System info: host: &apos;IOM-Backup.local&apos;, ip: &apos;fe80:0:0:0:1485:f552:8bbc:1a1b%en0&apos;, os.name: &apos;Mac OS X&apos;, os.arch: &apos;x86_64&apos;, os.version: &apos;10.13.6&apos;, java.version: &apos;1.8.0_111&apos;
Driver info: driver.version: Driver
	at org.openqa.selenium.support.ui.ExpectedConditions.lambda$findElement$0(ExpectedConditions.java:882)
	at java.util.Optional.orElseThrow(Optional.java:290)
	at org.openqa.selenium.support.ui.ExpectedConditions.findElement(ExpectedConditions.java:881)
	at org.openqa.selenium.support.ui.ExpectedConditions.access$000(ExpectedConditions.java:43)
	at org.openqa.selenium.support.ui.ExpectedConditions$6.apply(ExpectedConditions.java:182)
	at org.openqa.selenium.support.ui.ExpectedConditions$6.apply(ExpectedConditions.java:179)
	at org.openqa.selenium.support.ui.FluentWait.until(FluentWait.java:208)
	at org.iomedia.common.BaseUtil.getElementWhenPresent(BaseUtil.java:3000)
	at org.iomedia.galen.pages.Homepage.get(Homepage.java:684)
	at org.iomedia.galen.steps.HomepageSteps.user_is_on_Page(HomepageSteps.java:64)
	at cucumber.runtime.Utils$1.call(Utils.java:40)
	at cucumber.runtime.Timeout.timeout(Timeout.java:16)
	at cucumber.runtime.Utils.invoke(Utils.java:34)
	at cucumber.runtime.java.JavaStepDefinition.execute(JavaStepDefinition.java:37)
	at cucumber.runtime.StepDefinitionMatch.runStep(StepDefinitionMatch.java:40)
	at cucumber.api.TestStep.executeStep(TestStep.java:102)
	at cucumber.api.TestStep.run(TestStep.java:83)
	at cucumber.api.TestCase.run(TestCase.java:58)
	at cucumber.runner.Runner.runPickle(Runner.java:80)
	at cucumber.api.testng.TestNGCucumberRunner.runScenario(TestNGCucumberRunner.java:84)
	at org.iomedia.framework.Driver.runScenario(Driver.java:2056)
	at org.iomedia.galen.tests.ProdSanity.prodSanityVerification(ProdSanity.java:20)
	at java.util.concurrent.ThreadPoolExecutor.runWorker(ThreadPoolExecutor.java:1142)
	at java.util.concurrent.ThreadPoolExecutor$Worker.run(ThreadPoolExecutor.java:617)
	at java.lang.Thread.run(Thread.java:745)
... Removed 14 stack frames</div></td></tr></table><p class="totop"><a href="#summary">back to summary</a></p></body></html>